

================================================================
== Vitis HLS Report for 'jpegls_encode_hls'
================================================================
* Date:           Mon Apr 27 16:39:53 2026

* Version:        2023.2 (Build 4023990 on Oct 11 2023)
* Project:        jpegls_hls_prj
* Solution:       solution1 (Vivado IP Flow Target)
* Product family: zynq
* Target device:  xc7z020-clg484-1


================================================================
== Performance Estimates
================================================================
+ Timing: 
    * Summary: 
    +--------+----------+----------+------------+
    |  Clock |  Target  | Estimated| Uncertainty|
    +--------+----------+----------+------------+
    |ap_clk  |  10.00 ns|  8.560 ns|     2.70 ns|
    +--------+----------+----------+------------+

+ Latency: 
    * Summary: 
    +---------+------------+----------+------------+-----+------------+---------+
    |   Latency (cycles)   |   Latency (absolute)  |     Interval     | Pipeline|
    |   min   |     max    |    min   |     max    | min |     max    |   Type  |
    +---------+------------+----------+------------+-----+------------+---------+
    |       15|  2483040295|  0.150 us|  24.830 sec|   16|  2483040296|       no|
    +---------+------------+----------+------------+-----+------------+---------+

    + Detail: 
        * Instance: 
        +--------------------------------------------------------+---------------------------------------------+---------+---------+-----------+-----------+------+------+---------+
        |                                                        |                                             |  Latency (cycles) |   Latency (absolute)  |   Interval  | Pipeline|
        |                        Instance                        |                    Module                   |   min   |   max   |    min    |    max    |  min |  max |   Type  |
        +--------------------------------------------------------+---------------------------------------------+---------+---------+-----------+-----------+------+------+---------+
        |grp_jpegls_encode_hls_Pipeline_VITIS_LOOP_220_1_fu_579  |jpegls_encode_hls_Pipeline_VITIS_LOOP_220_1  |     2050|     2050|  20.500 us|  20.500 us|  2050|  2050|       no|
        |grp_jpegls_encode_hls_Pipeline_VITIS_LOOP_227_2_fu_585  |jpegls_encode_hls_Pipeline_VITIS_LOOP_227_2  |      731|      731|   7.310 us|   7.310 us|   731|   731|       no|
        |grp_jpegls_encode_hls_Pipeline_VITIS_LOOP_277_5_fu_593  |jpegls_encode_hls_Pipeline_VITIS_LOOP_277_5  |        3|     2050|  30.000 ns|  20.500 us|     3|  2050|       no|
        |grp_jpegls_encode_hls_Pipeline_VITIS_LOOP_55_1_fu_600   |jpegls_encode_hls_Pipeline_VITIS_LOOP_55_1   |        2|       18|  20.000 ns|   0.180 us|     2|    18|       no|
        |grp_write_unary_hls_fu_607                              |write_unary_hls                              |        5|      528|  50.000 ns|   5.280 us|     5|   528|       no|
        |grp_write_bits_hls_fu_621                               |write_bits_hls                               |        2|       24|  20.000 ns|   0.240 us|     2|    24|       no|
        +--------------------------------------------------------+---------------------------------------------+---------+---------+-----------+-----------+------+------+---------+

        * Loop: 
        +---------------------+---------+------------+--------------+-----------+-----------+----------+----------+
        |                     |   Latency (cycles)   |   Iteration  |  Initiation Interval  |   Trip   |          |
        |      Loop Name      |   min   |     max    |    Latency   |  achieved |   target  |   Count  | Pipelined|
        +---------------------+---------+------------+--------------+-----------+-----------+----------+----------+
        |- VITIS_LOOP_241_3   |       31|  2483038208|  31 ~ 1212421|          -|          -|  1 ~ 2048|        no|
        | + VITIS_LOOP_243_4  |       25|     1210368|      25 ~ 591|          -|          -|  1 ~ 2048|        no|
        +---------------------+---------+------------+--------------+-----------+-----------+----------+----------+



================================================================
== Utilization Estimates
================================================================
* Summary: 
+-----------------+---------+-----+--------+-------+-----+
|       Name      | BRAM_18K| DSP |   FF   |  LUT  | URAM|
+-----------------+---------+-----+--------+-------+-----+
|DSP              |        -|    -|       -|      -|    -|
|Expression       |        -|    -|       0|   2423|    -|
|FIFO             |        -|    -|       -|      -|    -|
|Instance         |        8|    3|    4873|   5846|    -|
|Memory           |       10|    -|       0|      0|    -|
|Multiplexer      |        -|    -|       -|   1068|    -|
|Register         |        -|    -|    1746|      -|    -|
+-----------------+---------+-----+--------+-------+-----+
|Total            |       18|    3|    6619|   9337|    0|
+-----------------+---------+-----+--------+-------+-----+
|Available        |      280|  220|  106400|  53200|    0|
+-----------------+---------+-----+--------+-------+-----+
|Utilization (%)  |        6|    1|       6|     17|    0|
+-----------------+---------+-----+--------+-------+-----+

+ Detail: 
    * Instance: 
    +--------------------------------------------------------+---------------------------------------------+---------+----+-----+------+-----+
    |                        Instance                        |                    Module                   | BRAM_18K| DSP|  FF |  LUT | URAM|
    +--------------------------------------------------------+---------------------------------------------+---------+----+-----+------+-----+
    |control_s_axi_U                                         |control_s_axi                                |        0|   0|  430|   744|    0|
    |gmem0_m_axi_U                                           |gmem0_m_axi                                  |        2|   0|  866|   854|    0|
    |gmem1_m_axi_U                                           |gmem1_m_axi                                  |        2|   0|  866|   854|    0|
    |gmem2_m_axi_U                                           |gmem2_m_axi                                  |        4|   0|  830|   734|    0|
    |grp_jpegls_encode_hls_Pipeline_VITIS_LOOP_220_1_fu_579  |jpegls_encode_hls_Pipeline_VITIS_LOOP_220_1  |        0|   0|   14|    53|    0|
    |grp_jpegls_encode_hls_Pipeline_VITIS_LOOP_227_2_fu_585  |jpegls_encode_hls_Pipeline_VITIS_LOOP_227_2  |        0|   0|   12|    53|    0|
    |grp_jpegls_encode_hls_Pipeline_VITIS_LOOP_277_5_fu_593  |jpegls_encode_hls_Pipeline_VITIS_LOOP_277_5  |        0|   0|   27|    62|    0|
    |grp_jpegls_encode_hls_Pipeline_VITIS_LOOP_55_1_fu_600   |jpegls_encode_hls_Pipeline_VITIS_LOOP_55_1   |        0|   0|   67|   221|    0|
    |mul_32s_32s_32_2_1_U46                                  |mul_32s_32s_32_2_1                           |        0|   3|  165|    50|    0|
    |grp_write_bits_hls_fu_621                               |write_bits_hls                               |        0|   0|  612|   800|    0|
    |grp_write_unary_hls_fu_607                              |write_unary_hls                              |        0|   0|  984|  1421|    0|
    +--------------------------------------------------------+---------------------------------------------+---------+----+-----+------+-----+
    |Total                                                   |                                             |        8|   3| 4873|  5846|    0|
    +--------------------------------------------------------+---------------------------------------------+---------+----+-----+------+-----+

    * DSP: 
    N/A

    * Memory: 
    +-------------+----------------------------+---------+---+----+-----+------+-----+------+-------------+
    |    Memory   |           Module           | BRAM_18K| FF| LUT| URAM| Words| Bits| Banks| W*Bits*Banks|
    +-------------+----------------------------+---------+---+----+-----+------+-----+------+-------------+
    |ctx_A_U      |ctx_A_RAM_1P_BRAM_1R1W      |        2|  0|   0|    0|   729|   32|     1|        23328|
    |ctx_B_U      |ctx_A_RAM_1P_BRAM_1R1W      |        2|  0|   0|    0|   729|   32|     1|        23328|
    |ctx_C_U      |ctx_A_RAM_1P_BRAM_1R1W      |        2|  0|   0|    0|   729|   32|     1|        23328|
    |ctx_N_U      |ctx_A_RAM_1P_BRAM_1R1W      |        2|  0|   0|    0|   729|   32|     1|        23328|
    |line_prev_U  |line_prev_RAM_1P_BRAM_1R1W  |        1|  0|   0|    0|  2048|    8|     1|        16384|
    |line_cur_U   |line_prev_RAM_1P_BRAM_1R1W  |        1|  0|   0|    0|  2048|    8|     1|        16384|
    +-------------+----------------------------+---------+---+----+-----+------+-----+------+-------------+
    |Total        |                            |       10|  0|   0|    0|  7012|  144|     6|       126080|
    +-------------+----------------------------+---------+---+----+-----+------+-----+------+-------------+

    * FIFO: 
    N/A

    * Expression: 
    +--------------------------------------+----------+----+---+-----+------------+------------+
    |             Variable Name            | Operation| DSP| FF| LUT | Bitwidth P0| Bitwidth P1|
    +--------------------------------------+----------+----+---+-----+------------+------------+
    |add_ln18_fu_1376_p2                   |         +|   0|  0|   14|           9|           9|
    |add_ln241_fu_793_p2                   |         +|   0|  0|   38|          31|           1|
    |add_ln248_fu_915_p2                   |         +|   0|  0|   12|          11|           2|
    |add_ln251_fu_877_p2                   |         +|   0|  0|   12|          12|           1|
    |add_ln257_fu_1825_p2                  |         +|   0|  0|   39|          32|          32|
    |add_ln264_fu_2007_p2                  |         +|   0|  0|   39|          32|           2|
    |add_ln288_fu_857_p2                   |         +|   0|  0|   71|          64|          64|
    |add_ln44_fu_1802_p2                   |         +|   0|  0|   10|          10|          10|
    |add_ln71_fu_2083_p2                   |         +|   0|  0|   39|          32|          32|
    |add_ln72_fu_2078_p2                   |         +|   0|  0|   39|          32|          32|
    |add_ln75_fu_2104_p2                   |         +|   0|  0|   39|          32|          32|
    |add_ln77_fu_2115_p2                   |         +|   0|  0|   39|          32|           2|
    |add_ln85_fu_2164_p2                   |         +|   0|  0|   39|          32|           1|
    |add_ln98_fu_2191_p2                   |         +|   0|  0|   39|          32|           1|
    |q_fu_1807_p2                          |         +|   0|  0|   10|          10|          10|
    |err_fu_1890_p2                        |         -|   0|  0|   14|           9|           9|
    |g1_fu_960_p2                          |         -|   0|  0|   14|           9|           9|
    |g2_fu_966_p2                          |         -|   0|  0|   14|           9|           9|
    |g3_fu_972_p2                          |         -|   0|  0|   14|           9|           9|
    |sub_ln18_fu_1386_p2                   |         -|   0|  0|   13|          10|          10|
    |sub_ln288_1_fu_843_p2                 |         -|   0|  0|   39|           1|          32|
    |sub_ln288_fu_825_p2                   |         -|   0|  0|   39|           4|          32|
    |sub_ln72_fu_2063_p2                   |         -|   0|  0|   15|           1|           8|
    |sub_ln74_fu_2088_p2                   |         -|   0|  0|   39|           1|          32|
    |sub_ln80_fu_2126_p2                   |         -|   0|  0|   39|           1|          32|
    |sub_ln83_fu_2153_p2                   |         -|   0|  0|   39|          32|          32|
    |and_ln15_fu_1392_p2                   |       and|   0|  0|    2|           1|           1|
    |and_ln24_1_fu_1576_p2                 |       and|   0|  0|    2|           1|           1|
    |and_ln24_2_fu_1703_p2                 |       and|   0|  0|    2|           1|           1|
    |and_ln24_fu_1419_p2                   |       and|   0|  0|    2|           1|           1|
    |and_ln25_1_fu_1585_p2                 |       and|   0|  0|    2|           1|           1|
    |and_ln25_2_fu_1712_p2                 |       and|   0|  0|    2|           1|           1|
    |and_ln25_fu_1429_p2                   |       and|   0|  0|    2|           1|           1|
    |and_ln264_fu_2012_p2                  |       and|   0|  0|   32|          32|          32|
    |and_ln26_1_fu_1595_p2                 |       and|   0|  0|    2|           1|           1|
    |and_ln26_2_fu_1278_p2                 |       and|   0|  0|    2|           1|           1|
    |and_ln26_fu_1439_p2                   |       and|   0|  0|    2|           1|           1|
    |and_ln27_1_fu_1605_p2                 |       and|   0|  0|    2|           1|           1|
    |and_ln27_2_fu_1290_p2                 |       and|   0|  0|    2|           1|           1|
    |and_ln27_fu_1449_p2                   |       and|   0|  0|    2|           1|           1|
    |and_ln284_fu_811_p2                   |       and|   0|  0|    2|           1|           1|
    |and_ln28_1_fu_1160_p2                 |       and|   0|  0|    2|           1|           1|
    |and_ln28_2_fu_1302_p2                 |       and|   0|  0|    2|           1|           1|
    |and_ln28_fu_1459_p2                   |       and|   0|  0|    2|           1|           1|
    |and_ln29_1_fu_1172_p2                 |       and|   0|  0|    2|           1|           1|
    |and_ln29_2_fu_1314_p2                 |       and|   0|  0|    2|           1|           1|
    |and_ln29_fu_1469_p2                   |       and|   0|  0|    2|           1|           1|
    |ap_block_state32_on_subcall_done      |       and|   0|  0|    2|           1|           1|
    |ap_block_state49                      |       and|   0|  0|    2|           1|           1|
    |ap_block_state55                      |       and|   0|  0|    2|           1|           1|
    |ap_predicate_op507_writeresp_state49  |       and|   0|  0|    2|           1|           1|
    |unary_q_fu_1939_p2                    |      ashr|   0|  0|   21|          10|          10|
    |icmp_ln12_1_fu_1352_p2                |      icmp|   0|  0|   15|           8|           8|
    |icmp_ln12_fu_1338_p2                  |      icmp|   0|  0|   15|           8|           8|
    |icmp_ln15_1_fu_1371_p2                |      icmp|   0|  0|   15|           8|           8|
    |icmp_ln15_fu_1357_p2                  |      icmp|   0|  0|   15|           8|           8|
    |icmp_ln199_1_fu_711_p2                |      icmp|   0|  0|   39|          32|           1|
    |icmp_ln199_2_fu_716_p2                |      icmp|   0|  0|   39|          32|          12|
    |icmp_ln199_3_fu_721_p2                |      icmp|   0|  0|   39|          32|           1|
    |icmp_ln199_fu_706_p2                  |      icmp|   0|  0|   39|          32|           1|
    |icmp_ln23_1_fu_1148_p2                |      icmp|   0|  0|   14|           9|           9|
    |icmp_ln23_2_fu_1266_p2                |      icmp|   0|  0|   14|           9|           9|
    |icmp_ln23_fu_978_p2                   |      icmp|   0|  0|   14|           9|           8|
    |icmp_ln241_fu_788_p2                  |      icmp|   0|  0|   38|          31|          31|
    |icmp_ln248_fu_892_p2                  |      icmp|   0|  0|   12|          12|           1|
    |icmp_ln24_1_fu_1066_p2                |      icmp|   0|  0|   14|           9|           7|
    |icmp_ln24_2_fu_1184_p2                |      icmp|   0|  0|   14|           9|           7|
    |icmp_ln24_fu_984_p2                   |      icmp|   0|  0|   14|           9|           7|
    |icmp_ln251_1_fu_898_p2                |      icmp|   0|  0|   12|          12|          12|
    |icmp_ln251_fu_872_p2                  |      icmp|   0|  0|   12|          12|          12|
    |icmp_ln25_1_fu_1072_p2                |      icmp|   0|  0|   14|           9|           6|
    |icmp_ln25_2_fu_1190_p2                |      icmp|   0|  0|   14|           9|           6|
    |icmp_ln25_fu_990_p2                   |      icmp|   0|  0|   14|           9|           6|
    |icmp_ln264_fu_1952_p2                 |      icmp|   0|  0|   39|          32|           1|
    |icmp_ln26_1_fu_1078_p2                |      icmp|   0|  0|   14|           9|           4|
    |icmp_ln26_2_fu_1196_p2                |      icmp|   0|  0|   14|           9|           4|
    |icmp_ln26_fu_996_p2                   |      icmp|   0|  0|   14|           9|           4|
    |icmp_ln27_1_fu_1094_p2                |      icmp|   0|  0|   14|           6|           1|
    |icmp_ln27_2_fu_1212_p2                |      icmp|   0|  0|   14|           6|           1|
    |icmp_ln27_fu_1012_p2                  |      icmp|   0|  0|   14|           6|           1|
    |icmp_ln284_1_fu_805_p2                |      icmp|   0|  0|   39|          32|           1|
    |icmp_ln284_fu_799_p2                  |      icmp|   0|  0|   39|          32|           1|
    |icmp_ln285_fu_817_p2                  |      icmp|   0|  0|   39|          32|          32|
    |icmp_ln28_1_fu_1110_p2                |      icmp|   0|  0|   13|           4|           1|
    |icmp_ln28_2_fu_1228_p2                |      icmp|   0|  0|   13|           4|           1|
    |icmp_ln28_fu_1028_p2                  |      icmp|   0|  0|   13|           4|           1|
    |icmp_ln297_fu_2215_p2                 |      icmp|   0|  0|   39|          32|           1|
    |icmp_ln29_1_fu_1126_p2                |      icmp|   0|  0|   11|           3|           1|
    |icmp_ln29_2_fu_1244_p2                |      icmp|   0|  0|   11|           3|           1|
    |icmp_ln29_fu_1044_p2                  |      icmp|   0|  0|   11|           3|           1|
    |icmp_ln30_1_fu_1142_p2                |      icmp|   0|  0|   10|           2|           1|
    |icmp_ln30_2_fu_1260_p2                |      icmp|   0|  0|   10|           2|           1|
    |icmp_ln30_fu_1060_p2                  |      icmp|   0|  0|   10|           2|           1|
    |icmp_ln6_fu_1844_p2                   |      icmp|   0|  0|   31|          24|           1|
    |icmp_ln74_fu_2094_p2                  |      icmp|   0|  0|   39|          32|          32|
    |icmp_ln76_fu_2110_p2                  |      icmp|   0|  0|   39|          32|           9|
    |icmp_ln79_fu_2121_p2                  |      icmp|   0|  0|   39|          32|          32|
    |icmp_ln82_fu_2099_p2                  |      icmp|   0|  0|   39|          32|           1|
    |icmp_ln84_fu_2159_p2                  |      icmp|   0|  0|   39|          32|           7|
    |icmp_ln87_fu_2170_p2                  |      icmp|   0|  0|   39|          32|           1|
    |icmp_ln92_fu_2133_p2                  |      icmp|   0|  0|   39|          32|           7|
    |lshr_ln288_fu_2203_p2                 |      lshr|   0|  0|   17|           8|           8|
    |ap_block_state10_on_subcall_done      |        or|   0|  0|    2|           1|           1|
    |ap_block_state3_io                    |        or|   0|  0|    2|           1|           1|
    |or_ln199_1_fu_732_p2                  |        or|   0|  0|    2|           1|           1|
    |or_ln199_2_fu_738_p2                  |        or|   0|  0|    2|           1|           1|
    |or_ln199_fu_726_p2                    |        or|   0|  0|    2|           1|           1|
    |or_ln29_10_fu_1672_p2                 |        or|   0|  0|    2|           1|           1|
    |or_ln29_11_fu_1689_p2                 |        or|   0|  0|    2|           1|           1|
    |or_ln29_12_fu_1320_p2                 |        or|   0|  0|    2|           1|           1|
    |or_ln29_13_fu_1326_p2                 |        or|   0|  0|    2|           1|           1|
    |or_ln29_14_fu_1739_p2                 |        or|   0|  0|    2|           1|           1|
    |or_ln29_15_fu_1332_p2                 |        or|   0|  0|    2|           1|           1|
    |or_ln29_16_fu_1767_p2                 |        or|   0|  0|    2|           1|           1|
    |or_ln29_17_fu_1783_p2                 |        or|   0|  0|    2|           1|           1|
    |or_ln29_1_fu_1496_p2                  |        or|   0|  0|    2|           1|           1|
    |or_ln29_2_fu_1510_p2                  |        or|   0|  0|    2|           1|           1|
    |or_ln29_3_fu_1535_p2                  |        or|   0|  0|    2|           1|           1|
    |or_ln29_4_fu_1549_p2                  |        or|   0|  0|    2|           1|           1|
    |or_ln29_5_fu_1562_p2                  |        or|   0|  0|    2|           1|           1|
    |or_ln29_6_fu_1178_p2                  |        or|   0|  0|    2|           1|           1|
    |or_ln29_7_fu_1625_p2                  |        or|   0|  0|    2|           1|           1|
    |or_ln29_8_fu_1639_p2                  |        or|   0|  0|    2|           1|           1|
    |or_ln29_9_fu_1659_p2                  |        or|   0|  0|    2|           1|           1|
    |or_ln29_fu_1482_p2                    |        or|   0|  0|    2|           1|           1|
    |or_ln5_fu_1872_p2                     |        or|   0|  0|    2|           1|           1|
    |C_fu_933_p3                           |    select|   0|  0|    8|           1|           8|
    |px0_fu_1406_p3                        |    select|   0|  0|   10|           1|          10|
    |px_fu_1878_p3                         |    select|   0|  0|    8|           1|           8|
    |select_ln12_fu_1342_p3                |    select|   0|  0|    8|           1|           8|
    |select_ln15_1_fu_1398_p3              |    select|   0|  0|   10|           1|          10|
    |select_ln15_fu_1361_p3                |    select|   0|  0|    8|           1|           8|
    |select_ln248_fu_926_p3                |    select|   0|  0|    8|           1|           8|
    |select_ln251_fu_903_p3                |    select|   0|  0|   11|           1|          11|
    |select_ln288_fu_2208_p3               |    select|   0|  0|    8|           1|           8|
    |select_ln297_fu_2221_p3               |    select|   0|  0|    3|           1|           3|
    |select_ln29_10_fu_1631_p3             |    select|   0|  0|    5|           1|           5|
    |select_ln29_11_fu_1652_p3             |    select|   0|  0|    6|           1|           6|
    |select_ln29_12_fu_1664_p3             |    select|   0|  0|    6|           1|           6|
    |select_ln29_13_fu_1677_p3             |    select|   0|  0|    6|           1|           6|
    |select_ln29_14_fu_1695_p3             |    select|   0|  0|    7|           1|           7|
    |select_ln29_15_fu_1717_p3             |    select|   0|  0|    3|           1|           3|
    |select_ln29_16_fu_1724_p3             |    select|   0|  0|    4|           1|           4|
    |select_ln29_17_fu_1645_p3             |    select|   0|  0|    2|           1|           2|
    |select_ln29_18_fu_1752_p3             |    select|   0|  0|    3|           1|           3|
    |select_ln29_19_fu_1759_p3             |    select|   0|  0|    3|           1|           3|
    |select_ln29_1_fu_1488_p3              |    select|   0|  0|    9|           1|           9|
    |select_ln29_20_fu_1772_p3             |    select|   0|  0|    3|           1|           3|
    |select_ln29_21_fu_1788_p3             |    select|   0|  0|    5|           1|           4|
    |select_ln29_22_fu_1731_p3             |    select|   0|  0|    2|           1|           2|
    |select_ln29_23_fu_1745_p3             |    select|   0|  0|    2|           1|           2|
    |select_ln29_2_fu_1502_p3              |    select|   0|  0|    8|           1|           8|
    |select_ln29_3_fu_1516_p3              |    select|   0|  0|   10|           1|           1|
    |select_ln29_4_fu_1523_p3              |    select|   0|  0|    9|           1|           9|
    |select_ln29_5_fu_1541_p3              |    select|   0|  0|   10|           1|          10|
    |select_ln29_6_fu_1554_p3              |    select|   0|  0|   10|           1|          10|
    |select_ln29_7_fu_1568_p3              |    select|   0|  0|   10|           1|          10|
    |select_ln29_8_fu_1610_p3              |    select|   0|  0|    6|           1|           5|
    |select_ln29_9_fu_1617_p3              |    select|   0|  0|    6|           1|           6|
    |select_ln29_fu_1474_p3                |    select|   0|  0|    8|           1|           6|
    |select_ln49_fu_1922_p3                |    select|   0|  0|    2|           1|           2|
    |select_ln5_fu_1864_p3                 |    select|   0|  0|    2|           1|           2|
    |select_ln72_fu_2068_p3                |    select|   0|  0|    8|           1|           8|
    |shl_ln264_fu_2002_p2                  |       shl|   0|  0|  100|           1|          32|
    |shl_ln288_fu_2198_p2                  |       shl|   0|  0|   17|           8|           8|
    |merr_fu_1929_p2                       |       xor|   0|  0|   10|          10|          10|
    |xor_ln23_fu_1414_p2                   |       xor|   0|  0|    2|           1|           2|
    |xor_ln24_1_fu_1580_p2                 |       xor|   0|  0|    2|           1|           2|
    |xor_ln24_2_fu_1707_p2                 |       xor|   0|  0|    2|           1|           2|
    |xor_ln24_fu_1424_p2                   |       xor|   0|  0|    2|           1|           2|
    |xor_ln25_1_fu_1590_p2                 |       xor|   0|  0|    2|           1|           2|
    |xor_ln25_2_fu_1272_p2                 |       xor|   0|  0|    2|           1|           2|
    |xor_ln25_fu_1434_p2                   |       xor|   0|  0|    2|           1|           2|
    |xor_ln26_1_fu_1600_p2                 |       xor|   0|  0|    2|           1|           2|
    |xor_ln26_2_fu_1284_p2                 |       xor|   0|  0|    2|           1|           2|
    |xor_ln26_fu_1444_p2                   |       xor|   0|  0|    2|           1|           2|
    |xor_ln27_1_fu_1154_p2                 |       xor|   0|  0|    2|           1|           2|
    |xor_ln27_2_fu_1296_p2                 |       xor|   0|  0|    2|           1|           2|
    |xor_ln27_fu_1454_p2                   |       xor|   0|  0|    2|           1|           2|
    |xor_ln28_1_fu_1166_p2                 |       xor|   0|  0|    2|           1|           2|
    |xor_ln28_2_fu_1308_p2                 |       xor|   0|  0|    2|           1|           2|
    |xor_ln28_fu_1464_p2                   |       xor|   0|  0|    2|           1|           2|
    |xor_ln5_fu_1858_p2                    |       xor|   0|  0|    2|           1|           2|
    +--------------------------------------+----------+----+---+-----+------------+------------+
    |Total                                 |          |   0|  0| 2423|        1448|        1169|
    +--------------------------------------+----------+----+---+-----+------------+------------+

    * Multiplexer: 
    +---------------------+-----+-----------+-----+-----------+
    |         Name        | LUT | Input Size| Bits| Total Bits|
    +---------------------+-----+-----------+-----+-----------+
    |ap_NS_fsm            |  265|         62|    1|         62|
    |ctx_A_address0       |   20|          4|   10|         40|
    |ctx_A_ce0            |   14|          3|    1|          3|
    |ctx_A_d0             |   20|          4|   32|        128|
    |ctx_A_we0            |   14|          3|    1|          3|
    |ctx_B_address0       |   20|          4|   10|         40|
    |ctx_B_ce0            |   14|          3|    1|          3|
    |ctx_B_d0             |   42|          8|   32|        256|
    |ctx_B_we0            |   14|          3|    1|          3|
    |ctx_C_address0       |   20|          4|   10|         40|
    |ctx_C_ce0            |   14|          3|    1|          3|
    |ctx_C_d0             |   20|          4|   32|        128|
    |ctx_C_we0            |   14|          3|    1|          3|
    |ctx_N_address0       |   20|          4|   10|         40|
    |ctx_N_ce0            |   14|          3|    1|          3|
    |ctx_N_d0             |   20|          4|   32|        128|
    |ctx_N_we0            |   14|          3|    1|          3|
    |cur_byte_0_fu_316    |   14|          3|    8|         24|
    |empty_35_reg_553     |   14|          3|   32|         96|
    |gmem0_blk_n_AR       |    9|          2|    1|          2|
    |gmem0_blk_n_R        |    9|          2|    1|          2|
    |gmem1_AWADDR         |   20|          4|   64|        256|
    |gmem1_AWLEN          |   20|          4|   32|        128|
    |gmem1_AWVALID        |   20|          4|    1|          4|
    |gmem1_BREADY         |   20|          4|    1|          4|
    |gmem1_WDATA          |   20|          4|    8|         32|
    |gmem1_WSTRB          |   20|          4|    1|          4|
    |gmem1_WVALID         |   20|          4|    1|          4|
    |gmem1_blk_n_AW       |    9|          2|    1|          2|
    |gmem1_blk_n_B        |    9|          2|    1|          2|
    |gmem1_blk_n_W        |    9|          2|    1|          2|
    |gmem2_AWADDR         |   14|          3|   64|        192|
    |gmem2_WDATA          |   20|          4|   32|        128|
    |gmem2_blk_n_AW       |    9|          2|    1|          2|
    |gmem2_blk_n_B        |    9|          2|    1|          2|
    |gmem2_blk_n_W        |    9|          2|    1|          2|
    |line_cur_address0    |   25|          5|   11|         55|
    |line_cur_ce0         |   20|          4|    1|          4|
    |line_cur_d0          |   14|          3|    8|         24|
    |line_cur_we0         |   14|          3|    1|          3|
    |line_prev_address0   |   31|          6|   11|         66|
    |line_prev_ce0        |   20|          4|    1|          4|
    |line_prev_d0         |   14|          3|    8|         24|
    |line_prev_we0        |   14|          3|    1|          3|
    |nbits_cur_0_fu_320   |   14|          3|   32|         96|
    |out_idx_0_fu_312     |   14|          3|   32|         96|
    |overflow_0_fu_308    |   14|          3|   32|         96|
    |storemerge_reg_568   |    9|          2|    2|          4|
    |total_bits_0_fu_324  |   14|          3|   32|         96|
    |x_1_reg_542          |    9|          2|   12|         24|
    |y_fu_304             |    9|          2|   31|         62|
    +---------------------+-----+-----------+-----+-----------+
    |Total                | 1068|        228|  644|       2431|
    +---------------------+-----+-----------+-----+-----------+

    * Register: 
    +---------------------------------------------------------------------+----+----+-----+-----------+
    |                                 Name                                | FF | LUT| Bits| Const Bits|
    +---------------------------------------------------------------------+----+----+-----+-----------+
    |B_reg_2445                                                           |   8|   0|    8|          0|
    |C_reg_2473                                                           |   8|   0|    8|          0|
    |X_reg_2439                                                           |   8|   0|    8|          0|
    |add_ln241_reg_2371                                                   |  31|   0|   31|          0|
    |add_ln251_reg_2413                                                   |  12|   0|   12|          0|
    |add_ln71_reg_2797                                                    |  32|   0|   32|          0|
    |add_ln72_reg_2791                                                    |  32|   0|   32|          0|
    |and_ln264_reg_2781                                                   |  32|   0|   32|          0|
    |and_ln27_2_reg_2599                                                  |   1|   0|    1|          0|
    |and_ln284_reg_2376                                                   |   1|   0|    1|          0|
    |and_ln29_1_reg_2566                                                  |   1|   0|    1|          0|
    |and_ln29_2_reg_2604                                                  |   1|   0|    1|          0|
    |ap_CS_fsm                                                            |  61|   0|   61|          0|
    |ctx_A_addr_reg_2646                                                  |  10|   0|   10|          0|
    |ctx_A_load_reg_2661                                                  |  32|   0|   32|          0|
    |ctx_B_addr_reg_2786                                                  |  10|   0|   10|          0|
    |ctx_C_addr_reg_2656                                                  |  10|   0|   10|          0|
    |ctx_C_load_reg_2667                                                  |  32|   0|   32|          0|
    |ctx_N_addr_reg_2651                                                  |  10|   0|   10|          0|
    |cur_byte_0_fu_316                                                    |   8|   0|    8|          0|
    |cur_byte_0_load_3_reg_2704                                           |   8|   0|    8|          0|
    |cur_byte_reg_2756                                                    |   8|   0|    8|          0|
    |empty_35_reg_553                                                     |  32|   0|   32|          0|
    |empty_reg_2340                                                       |  12|   0|   12|          0|
    |err_reg_2676                                                         |   9|   0|    9|          0|
    |gmem0_addr_reg_2352                                                  |  64|   0|   64|          0|
    |gmem1_addr_reg_2399                                                  |  64|   0|   64|          0|
    |gmem2_addr_1_reg_2281                                                |  64|   0|   64|          0|
    |gmem2_addr_reg_2274                                                  |  64|   0|   64|          0|
    |grp_jpegls_encode_hls_Pipeline_VITIS_LOOP_220_1_fu_579_ap_start_reg  |   1|   0|    1|          0|
    |grp_jpegls_encode_hls_Pipeline_VITIS_LOOP_227_2_fu_585_ap_start_reg  |   1|   0|    1|          0|
    |grp_jpegls_encode_hls_Pipeline_VITIS_LOOP_277_5_fu_593_ap_start_reg  |   1|   0|    1|          0|
    |grp_jpegls_encode_hls_Pipeline_VITIS_LOOP_55_1_fu_600_ap_start_reg   |   1|   0|    1|          0|
    |grp_write_bits_hls_fu_621_ap_start_reg                               |   1|   0|    1|          0|
    |grp_write_unary_hls_fu_607_ap_start_reg                              |   1|   0|    1|          0|
    |height_read_reg_2241                                                 |  32|   0|   32|          0|
    |icmp_ln23_1_reg_2560                                                 |   1|   0|    1|          0|
    |icmp_ln23_2_reg_2593                                                 |   1|   0|    1|          0|
    |icmp_ln23_reg_2486                                                   |   1|   0|    1|          0|
    |icmp_ln248_reg_2423                                                  |   1|   0|    1|          0|
    |icmp_ln24_1_reg_2532                                                 |   1|   0|    1|          0|
    |icmp_ln24_2_reg_2577                                                 |   1|   0|    1|          0|
    |icmp_ln24_reg_2492                                                   |   1|   0|    1|          0|
    |icmp_ln25_1_reg_2538                                                 |   1|   0|    1|          0|
    |icmp_ln25_2_reg_2583                                                 |   1|   0|    1|          0|
    |icmp_ln25_reg_2498                                                   |   1|   0|    1|          0|
    |icmp_ln264_reg_2747                                                  |   1|   0|    1|          0|
    |icmp_ln26_1_reg_2544                                                 |   1|   0|    1|          0|
    |icmp_ln26_reg_2504                                                   |   1|   0|    1|          0|
    |icmp_ln27_1_reg_2550                                                 |   1|   0|    1|          0|
    |icmp_ln27_reg_2510                                                   |   1|   0|    1|          0|
    |icmp_ln285_reg_2380                                                  |   1|   0|    1|          0|
    |icmp_ln28_reg_2516                                                   |   1|   0|    1|          0|
    |icmp_ln297_reg_2842                                                  |   1|   0|    1|          0|
    |icmp_ln29_reg_2522                                                   |   1|   0|    1|          0|
    |icmp_ln30_1_reg_2555                                                 |   1|   0|    1|          0|
    |icmp_ln30_2_reg_2588                                                 |   1|   0|    1|          0|
    |icmp_ln30_reg_2527                                                   |   1|   0|    1|          0|
    |icmp_ln74_reg_2811                                                   |   1|   0|    1|          0|
    |icmp_ln79_reg_2822                                                   |   1|   0|    1|          0|
    |icmp_ln82_reg_2815                                                   |   1|   0|    1|          0|
    |icmp_ln87_reg_2833                                                   |   1|   0|    1|          0|
    |icmp_ln92_reg_2826                                                   |   1|   0|    1|          0|
    |in_pixels_read_reg_2263                                              |  64|   0|   64|          0|
    |max_out_bytes_read_reg_2233                                          |  32|   0|   32|          0|
    |merr_reg_2727                                                        |  10|   0|   10|          0|
    |mul_ln241_reg_2358                                                   |  32|   0|   32|          0|
    |nbits_cur_0_fu_320                                                   |  32|   0|   32|          0|
    |nbits_cur_0_load_4_reg_2709                                          |  32|   0|   32|          0|
    |nbits_cur_reg_2761                                                   |  32|   0|   32|          0|
    |or_ln199_2_reg_2288                                                  |   1|   0|    1|          0|
    |or_ln29_12_reg_2609                                                  |   1|   0|    1|          0|
    |or_ln29_15_reg_2614                                                  |   1|   0|    1|          0|
    |or_ln29_6_reg_2571                                                   |   1|   0|    1|          0|
    |out_bytes_read_reg_2256                                              |  64|   0|   64|          0|
    |out_idx_0_fu_312                                                     |  32|   0|   32|          0|
    |out_idx_0_load_1_reg_2699                                            |  32|   0|   32|          0|
    |out_idx_reg_2751                                                     |  32|   0|   32|          0|
    |overflow_0_fu_308                                                    |  32|   0|   32|          0|
    |overflow_0_load_3_reg_2694                                           |  32|   0|   32|          0|
    |overflow_reg_2771                                                    |  32|   0|   32|          0|
    |px0_reg_2620                                                         |  10|   0|   10|          0|
    |reg_661                                                              |  32|   0|   32|          0|
    |select_ln248_reg_2464                                                |   8|   0|    8|          0|
    |select_ln251_reg_2434                                                |  11|   0|   11|          0|
    |select_ln288_reg_2837                                                |   8|   0|    8|          0|
    |select_ln29_14_reg_2630                                              |   7|   0|    7|          0|
    |select_ln29_21_reg_2635                                              |   4|   0|    4|          0|
    |select_ln29_7_reg_2625                                               |  10|   0|   10|          0|
    |sext_ln261_reg_2742                                                  |  32|   0|   32|          0|
    |sext_ln49_reg_2737                                                   |  32|   0|   32|          0|
    |shl_ln264_reg_2776                                                   |  32|   0|   32|          0|
    |storemerge_reg_568                                                   |   2|   0|    2|          0|
    |sub_ln288_1cast_reg_2394                                             |   8|   0|    8|          0|
    |sub_ln288cast_reg_2389                                               |   8|   0|    8|          0|
    |sub_ln74_reg_2806                                                    |  32|   0|   32|          0|
    |tmp_15_reg_2688                                                      |   1|   0|    1|          0|
    |tmp_reg_2384                                                         |   1|   0|    1|          0|
    |total_bits_0_fu_324                                                  |  32|   0|   32|          0|
    |total_bits_0_load_3_reg_2714                                         |  32|   0|   32|          0|
    |total_bits_reg_2766                                                  |  32|   0|   32|          0|
    |trunc_ln241_reg_2347                                                 |  31|   0|   31|          0|
    |trunc_ln251_reg_2405                                                 |  11|   0|   11|          0|
    |trunc_ln49_reg_2682                                                  |   8|   0|    8|          0|
    |trunc_ln54_reg_2722                                                  |  31|   0|   31|          0|
    |unary_q_reg_2732                                                     |  10|   0|   10|          0|
    |width_read_reg_2248                                                  |  32|   0|   32|          0|
    |x_1_reg_542                                                          |  12|   0|   12|          0|
    |y_fu_304                                                             |  31|   0|   31|          0|
    |zext_ln251_reg_2418                                                  |  12|   0|   64|         52|
    |zext_ln257_reg_2640                                                  |  10|   0|   64|         54|
    +---------------------------------------------------------------------+----+----+-----+-----------+
    |Total                                                                |1746|   0| 1852|        106|
    +---------------------------------------------------------------------+----+----+-----+-----------+



================================================================
== Interface
================================================================
* Summary: 
+-----------------------+-----+-----+------------+-------------------+--------------+
|       RTL Ports       | Dir | Bits|  Protocol  |   Source Object   |    C Type    |
+-----------------------+-----+-----+------------+-------------------+--------------+
|s_axi_control_AWVALID  |   in|    1|       s_axi|            control|        scalar|
|s_axi_control_AWREADY  |  out|    1|       s_axi|            control|        scalar|
|s_axi_control_AWADDR   |   in|    7|       s_axi|            control|        scalar|
|s_axi_control_WVALID   |   in|    1|       s_axi|            control|        scalar|
|s_axi_control_WREADY   |  out|    1|       s_axi|            control|        scalar|
|s_axi_control_WDATA    |   in|   32|       s_axi|            control|        scalar|
|s_axi_control_WSTRB    |   in|    4|       s_axi|            control|        scalar|
|s_axi_control_ARVALID  |   in|    1|       s_axi|            control|        scalar|
|s_axi_control_ARREADY  |  out|    1|       s_axi|            control|        scalar|
|s_axi_control_ARADDR   |   in|    7|       s_axi|            control|        scalar|
|s_axi_control_RVALID   |  out|    1|       s_axi|            control|        scalar|
|s_axi_control_RREADY   |   in|    1|       s_axi|            control|        scalar|
|s_axi_control_RDATA    |  out|   32|       s_axi|            control|        scalar|
|s_axi_control_RRESP    |  out|    2|       s_axi|            control|        scalar|
|s_axi_control_BVALID   |  out|    1|       s_axi|            control|        scalar|
|s_axi_control_BREADY   |   in|    1|       s_axi|            control|        scalar|
|s_axi_control_BRESP    |  out|    2|       s_axi|            control|        scalar|
|ap_clk                 |   in|    1|  ap_ctrl_hs|  jpegls_encode_hls|  return value|
|ap_rst_n               |   in|    1|  ap_ctrl_hs|  jpegls_encode_hls|  return value|
|interrupt              |  out|    1|  ap_ctrl_hs|  jpegls_encode_hls|  return value|
|m_axi_gmem0_AWVALID    |  out|    1|       m_axi|              gmem0|       pointer|
|m_axi_gmem0_AWREADY    |   in|    1|       m_axi|              gmem0|       pointer|
|m_axi_gmem0_AWADDR     |  out|   64|       m_axi|              gmem0|       pointer|
|m_axi_gmem0_AWID       |  out|    1|       m_axi|              gmem0|       pointer|
|m_axi_gmem0_AWLEN      |  out|    8|       m_axi|              gmem0|       pointer|
|m_axi_gmem0_AWSIZE     |  out|    3|       m_axi|              gmem0|       pointer|
|m_axi_gmem0_AWBURST    |  out|    2|       m_axi|              gmem0|       pointer|
|m_axi_gmem0_AWLOCK     |  out|    2|       m_axi|              gmem0|       pointer|
|m_axi_gmem0_AWCACHE    |  out|    4|       m_axi|              gmem0|       pointer|
|m_axi_gmem0_AWPROT     |  out|    3|       m_axi|              gmem0|       pointer|
|m_axi_gmem0_AWQOS      |  out|    4|       m_axi|              gmem0|       pointer|
|m_axi_gmem0_AWREGION   |  out|    4|       m_axi|              gmem0|       pointer|
|m_axi_gmem0_AWUSER     |  out|    1|       m_axi|              gmem0|       pointer|
|m_axi_gmem0_WVALID     |  out|    1|       m_axi|              gmem0|       pointer|
|m_axi_gmem0_WREADY     |   in|    1|       m_axi|              gmem0|       pointer|
|m_axi_gmem0_WDATA      |  out|   32|       m_axi|              gmem0|       pointer|
|m_axi_gmem0_WSTRB      |  out|    4|       m_axi|              gmem0|       pointer|
|m_axi_gmem0_WLAST      |  out|    1|       m_axi|              gmem0|       pointer|
|m_axi_gmem0_WID        |  out|    1|       m_axi|              gmem0|       pointer|
|m_axi_gmem0_WUSER      |  out|    1|       m_axi|              gmem0|       pointer|
|m_axi_gmem0_ARVALID    |  out|    1|       m_axi|              gmem0|       pointer|
|m_axi_gmem0_ARREADY    |   in|    1|       m_axi|              gmem0|       pointer|
|m_axi_gmem0_ARADDR     |  out|   64|       m_axi|              gmem0|       pointer|
|m_axi_gmem0_ARID       |  out|    1|       m_axi|              gmem0|       pointer|
|m_axi_gmem0_ARLEN      |  out|    8|       m_axi|              gmem0|       pointer|
|m_axi_gmem0_ARSIZE     |  out|    3|       m_axi|              gmem0|       pointer|
|m_axi_gmem0_ARBURST    |  out|    2|       m_axi|              gmem0|       pointer|
|m_axi_gmem0_ARLOCK     |  out|    2|       m_axi|              gmem0|       pointer|
|m_axi_gmem0_ARCACHE    |  out|    4|       m_axi|              gmem0|       pointer|
|m_axi_gmem0_ARPROT     |  out|    3|       m_axi|              gmem0|       pointer|
|m_axi_gmem0_ARQOS      |  out|    4|       m_axi|              gmem0|       pointer|
|m_axi_gmem0_ARREGION   |  out|    4|       m_axi|              gmem0|       pointer|
|m_axi_gmem0_ARUSER     |  out|    1|       m_axi|              gmem0|       pointer|
|m_axi_gmem0_RVALID     |   in|    1|       m_axi|              gmem0|       pointer|
|m_axi_gmem0_RREADY     |  out|    1|       m_axi|              gmem0|       pointer|
|m_axi_gmem0_RDATA      |   in|   32|       m_axi|              gmem0|       pointer|
|m_axi_gmem0_RLAST      |   in|    1|       m_axi|              gmem0|       pointer|
|m_axi_gmem0_RID        |   in|    1|       m_axi|              gmem0|       pointer|
|m_axi_gmem0_RUSER      |   in|    1|       m_axi|              gmem0|       pointer|
|m_axi_gmem0_RRESP      |   in|    2|       m_axi|              gmem0|       pointer|
|m_axi_gmem0_BVALID     |   in|    1|       m_axi|              gmem0|       pointer|
|m_axi_gmem0_BREADY     |  out|    1|       m_axi|              gmem0|       pointer|
|m_axi_gmem0_BRESP      |   in|    2|       m_axi|              gmem0|       pointer|
|m_axi_gmem0_BID        |   in|    1|       m_axi|              gmem0|       pointer|
|m_axi_gmem0_BUSER      |   in|    1|       m_axi|              gmem0|       pointer|
|m_axi_gmem1_AWVALID    |  out|    1|       m_axi|              gmem1|       pointer|
|m_axi_gmem1_AWREADY    |   in|    1|       m_axi|              gmem1|       pointer|
|m_axi_gmem1_AWADDR     |  out|   64|       m_axi|              gmem1|       pointer|
|m_axi_gmem1_AWID       |  out|    1|       m_axi|              gmem1|       pointer|
|m_axi_gmem1_AWLEN      |  out|    8|       m_axi|              gmem1|       pointer|
|m_axi_gmem1_AWSIZE     |  out|    3|       m_axi|              gmem1|       pointer|
|m_axi_gmem1_AWBURST    |  out|    2|       m_axi|              gmem1|       pointer|
|m_axi_gmem1_AWLOCK     |  out|    2|       m_axi|              gmem1|       pointer|
|m_axi_gmem1_AWCACHE    |  out|    4|       m_axi|              gmem1|       pointer|
|m_axi_gmem1_AWPROT     |  out|    3|       m_axi|              gmem1|       pointer|
|m_axi_gmem1_AWQOS      |  out|    4|       m_axi|              gmem1|       pointer|
|m_axi_gmem1_AWREGION   |  out|    4|       m_axi|              gmem1|       pointer|
|m_axi_gmem1_AWUSER     |  out|    1|       m_axi|              gmem1|       pointer|
|m_axi_gmem1_WVALID     |  out|    1|       m_axi|              gmem1|       pointer|
|m_axi_gmem1_WREADY     |   in|    1|       m_axi|              gmem1|       pointer|
|m_axi_gmem1_WDATA      |  out|   32|       m_axi|              gmem1|       pointer|
|m_axi_gmem1_WSTRB      |  out|    4|       m_axi|              gmem1|       pointer|
|m_axi_gmem1_WLAST      |  out|    1|       m_axi|              gmem1|       pointer|
|m_axi_gmem1_WID        |  out|    1|       m_axi|              gmem1|       pointer|
|m_axi_gmem1_WUSER      |  out|    1|       m_axi|              gmem1|       pointer|
|m_axi_gmem1_ARVALID    |  out|    1|       m_axi|              gmem1|       pointer|
|m_axi_gmem1_ARREADY    |   in|    1|       m_axi|              gmem1|       pointer|
|m_axi_gmem1_ARADDR     |  out|   64|       m_axi|              gmem1|       pointer|
|m_axi_gmem1_ARID       |  out|    1|       m_axi|              gmem1|       pointer|
|m_axi_gmem1_ARLEN      |  out|    8|       m_axi|              gmem1|       pointer|
|m_axi_gmem1_ARSIZE     |  out|    3|       m_axi|              gmem1|       pointer|
|m_axi_gmem1_ARBURST    |  out|    2|       m_axi|              gmem1|       pointer|
|m_axi_gmem1_ARLOCK     |  out|    2|       m_axi|              gmem1|       pointer|
|m_axi_gmem1_ARCACHE    |  out|    4|       m_axi|              gmem1|       pointer|
|m_axi_gmem1_ARPROT     |  out|    3|       m_axi|              gmem1|       pointer|
|m_axi_gmem1_ARQOS      |  out|    4|       m_axi|              gmem1|       pointer|
|m_axi_gmem1_ARREGION   |  out|    4|       m_axi|              gmem1|       pointer|
|m_axi_gmem1_ARUSER     |  out|    1|       m_axi|              gmem1|       pointer|
|m_axi_gmem1_RVALID     |   in|    1|       m_axi|              gmem1|       pointer|
|m_axi_gmem1_RREADY     |  out|    1|       m_axi|              gmem1|       pointer|
|m_axi_gmem1_RDATA      |   in|   32|       m_axi|              gmem1|       pointer|
|m_axi_gmem1_RLAST      |   in|    1|       m_axi|              gmem1|       pointer|
|m_axi_gmem1_RID        |   in|    1|       m_axi|              gmem1|       pointer|
|m_axi_gmem1_RUSER      |   in|    1|       m_axi|              gmem1|       pointer|
|m_axi_gmem1_RRESP      |   in|    2|       m_axi|              gmem1|       pointer|
|m_axi_gmem1_BVALID     |   in|    1|       m_axi|              gmem1|       pointer|
|m_axi_gmem1_BREADY     |  out|    1|       m_axi|              gmem1|       pointer|
|m_axi_gmem1_BRESP      |   in|    2|       m_axi|              gmem1|       pointer|
|m_axi_gmem1_BID        |   in|    1|       m_axi|              gmem1|       pointer|
|m_axi_gmem1_BUSER      |   in|    1|       m_axi|              gmem1|       pointer|
|m_axi_gmem2_AWVALID    |  out|    1|       m_axi|              gmem2|       pointer|
|m_axi_gmem2_AWREADY    |   in|    1|       m_axi|              gmem2|       pointer|
|m_axi_gmem2_AWADDR     |  out|   64|       m_axi|              gmem2|       pointer|
|m_axi_gmem2_AWID       |  out|    1|       m_axi|              gmem2|       pointer|
|m_axi_gmem2_AWLEN      |  out|    8|       m_axi|              gmem2|       pointer|
|m_axi_gmem2_AWSIZE     |  out|    3|       m_axi|              gmem2|       pointer|
|m_axi_gmem2_AWBURST    |  out|    2|       m_axi|              gmem2|       pointer|
|m_axi_gmem2_AWLOCK     |  out|    2|       m_axi|              gmem2|       pointer|
|m_axi_gmem2_AWCACHE    |  out|    4|       m_axi|              gmem2|       pointer|
|m_axi_gmem2_AWPROT     |  out|    3|       m_axi|              gmem2|       pointer|
|m_axi_gmem2_AWQOS      |  out|    4|       m_axi|              gmem2|       pointer|
|m_axi_gmem2_AWREGION   |  out|    4|       m_axi|              gmem2|       pointer|
|m_axi_gmem2_AWUSER     |  out|    1|       m_axi|              gmem2|       pointer|
|m_axi_gmem2_WVALID     |  out|    1|       m_axi|              gmem2|       pointer|
|m_axi_gmem2_WREADY     |   in|    1|       m_axi|              gmem2|       pointer|
|m_axi_gmem2_WDATA      |  out|   32|       m_axi|              gmem2|       pointer|
|m_axi_gmem2_WSTRB      |  out|    4|       m_axi|              gmem2|       pointer|
|m_axi_gmem2_WLAST      |  out|    1|       m_axi|              gmem2|       pointer|
|m_axi_gmem2_WID        |  out|    1|       m_axi|              gmem2|       pointer|
|m_axi_gmem2_WUSER      |  out|    1|       m_axi|              gmem2|       pointer|
|m_axi_gmem2_ARVALID    |  out|    1|       m_axi|              gmem2|       pointer|
|m_axi_gmem2_ARREADY    |   in|    1|       m_axi|              gmem2|       pointer|
|m_axi_gmem2_ARADDR     |  out|   64|       m_axi|              gmem2|       pointer|
|m_axi_gmem2_ARID       |  out|    1|       m_axi|              gmem2|       pointer|
|m_axi_gmem2_ARLEN      |  out|    8|       m_axi|              gmem2|       pointer|
|m_axi_gmem2_ARSIZE     |  out|    3|       m_axi|              gmem2|       pointer|
|m_axi_gmem2_ARBURST    |  out|    2|       m_axi|              gmem2|       pointer|
|m_axi_gmem2_ARLOCK     |  out|    2|       m_axi|              gmem2|       pointer|
|m_axi_gmem2_ARCACHE    |  out|    4|       m_axi|              gmem2|       pointer|
|m_axi_gmem2_ARPROT     |  out|    3|       m_axi|              gmem2|       pointer|
|m_axi_gmem2_ARQOS      |  out|    4|       m_axi|              gmem2|       pointer|
|m_axi_gmem2_ARREGION   |  out|    4|       m_axi|              gmem2|       pointer|
|m_axi_gmem2_ARUSER     |  out|    1|       m_axi|              gmem2|       pointer|
|m_axi_gmem2_RVALID     |   in|    1|       m_axi|              gmem2|       pointer|
|m_axi_gmem2_RREADY     |  out|    1|       m_axi|              gmem2|       pointer|
|m_axi_gmem2_RDATA      |   in|   32|       m_axi|              gmem2|       pointer|
|m_axi_gmem2_RLAST      |   in|    1|       m_axi|              gmem2|       pointer|
|m_axi_gmem2_RID        |   in|    1|       m_axi|              gmem2|       pointer|
|m_axi_gmem2_RUSER      |   in|    1|       m_axi|              gmem2|       pointer|
|m_axi_gmem2_RRESP      |   in|    2|       m_axi|              gmem2|       pointer|
|m_axi_gmem2_BVALID     |   in|    1|       m_axi|              gmem2|       pointer|
|m_axi_gmem2_BREADY     |  out|    1|       m_axi|              gmem2|       pointer|
|m_axi_gmem2_BRESP      |   in|    2|       m_axi|              gmem2|       pointer|
|m_axi_gmem2_BID        |   in|    1|       m_axi|              gmem2|       pointer|
|m_axi_gmem2_BUSER      |   in|    1|       m_axi|              gmem2|       pointer|
+-----------------------+-----+-----+------------+-------------------+--------------+

