Copyright 1986-2022 Xilinx, Inc. All Rights Reserved. Copyright 2022-2023 Advanced Micro Devices, Inc. All Rights Reserved.
--------------------------------------------------------------------------------------------------------------------------------------------------
| Tool Version : Vivado v.2023.2 (lin64) Build 4029153 Fri Oct 13 20:13:54 MDT 2023
| Date         : Mon Apr 27 16:42:12 2026
| Host         : ecs02.poly.edu running 64-bit Red Hat Enterprise Linux release 8.10 (Ootpa)
| Command      : report_utilization -file /home/yh6341/9463_04172026_1/hwdesign/labs/co48ajpeg/reports/vivado_synth_utilization.rpt -hierarchical
| Design       : jpegls_encode_hls
| Device       : xc7z020clg484-1
| Speed File   : -1
| Design State : Synthesized
--------------------------------------------------------------------------------------------------------------------------------------------------

Utilization Design Information

Table of Contents
-----------------
1. Utilization by Hierarchy

1. Utilization by Hierarchy
---------------------------

+--------------------------------------------------------------+---------------------------------------------------------------+------------+------------+---------+------+------+--------+--------+------------+
|                           Instance                           |                             Module                            | Total LUTs | Logic LUTs | LUTRAMs | SRLs |  FFs | RAMB36 | RAMB18 | DSP Blocks |
+--------------------------------------------------------------+---------------------------------------------------------------+------------+------------+---------+------+------+--------+--------+------------+
| jpegls_encode_hls                                            |                                                         (top) |       5263 |       4710 |       0 |  553 | 6066 |      4 |      5 |          3 |
|   (jpegls_encode_hls)                                        |                                                         (top) |        284 |        284 |       0 |    0 | 1506 |      0 |      0 |          0 |
|   control_s_axi_U                                            |                               jpegls_encode_hls_control_s_axi |        396 |        396 |       0 |    0 |  408 |      0 |      0 |          0 |
|   ctx_A_U                                                    |                      jpegls_encode_hls_ctx_A_RAM_1P_BRAM_1R1W |         61 |         61 |       0 |    0 |    0 |      1 |      0 |          0 |
|   ctx_B_U                                                    |                    jpegls_encode_hls_ctx_A_RAM_1P_BRAM_1R1W_0 |         36 |         36 |       0 |    0 |    0 |      1 |      0 |          0 |
|   ctx_C_U                                                    |                    jpegls_encode_hls_ctx_A_RAM_1P_BRAM_1R1W_1 |        150 |        150 |       0 |    0 |    0 |      1 |      0 |          0 |
|   ctx_N_U                                                    |                    jpegls_encode_hls_ctx_A_RAM_1P_BRAM_1R1W_2 |        374 |        374 |       0 |    0 |    0 |      1 |      0 |          0 |
|   gmem0_m_axi_U                                              |                                 jpegls_encode_hls_gmem0_m_axi |        680 |        579 |       0 |  101 |  919 |      0 |      1 |          0 |
|     bus_read                                                 |                            jpegls_encode_hls_gmem0_m_axi_read |        397 |        396 |       0 |    1 |  624 |      0 |      0 |          0 |
|       fifo_burst                                             |            jpegls_encode_hls_gmem0_m_axi_fifo__parameterized2 |         18 |         17 |       0 |    1 |   13 |      0 |      0 |          0 |
|         (fifo_burst)                                         |            jpegls_encode_hls_gmem0_m_axi_fifo__parameterized2 |         15 |         15 |       0 |    0 |   12 |      0 |      0 |          0 |
|         U_fifo_srl                                           |             jpegls_encode_hls_gmem0_m_axi_srl__parameterized1 |          3 |          2 |       0 |    1 |    1 |      0 |      0 |          0 |
|       fifo_rctl                                              |         jpegls_encode_hls_gmem0_m_axi_fifo__parameterized2_13 |          9 |          9 |       0 |    0 |    8 |      0 |      0 |          0 |
|       rreq_burst_conv                                        |                 jpegls_encode_hls_gmem0_m_axi_burst_converter |        330 |        330 |       0 |    0 |  532 |      0 |      0 |          0 |
|         (rreq_burst_conv)                                    |                 jpegls_encode_hls_gmem0_m_axi_burst_converter |        174 |        174 |       0 |    0 |  335 |      0 |      0 |          0 |
|         rs_req                                               |                       jpegls_encode_hls_gmem0_m_axi_reg_slice |        156 |        156 |       0 |    0 |  197 |      0 |      0 |          0 |
|       rs_rdata                                               |       jpegls_encode_hls_gmem0_m_axi_reg_slice__parameterized2 |         40 |         40 |       0 |    0 |   71 |      0 |      0 |          0 |
|     bus_write                                                |                           jpegls_encode_hls_gmem0_m_axi_write |          2 |          2 |       0 |    0 |    3 |      0 |      0 |          0 |
|       rs_resp                                                |       jpegls_encode_hls_gmem0_m_axi_reg_slice__parameterized1 |          2 |          2 |       0 |    0 |    3 |      0 |      0 |          0 |
|     load_unit                                                |                            jpegls_encode_hls_gmem0_m_axi_load |        281 |        181 |       0 |  100 |  292 |      0 |      1 |          0 |
|       (load_unit)                                            |                            jpegls_encode_hls_gmem0_m_axi_load |          4 |          4 |       0 |    0 |  134 |      0 |      0 |          0 |
|       buff_rdata                                             |            jpegls_encode_hls_gmem0_m_axi_fifo__parameterized5 |         87 |         87 |       0 |    0 |   36 |      0 |      1 |          0 |
|         (buff_rdata)                                         |            jpegls_encode_hls_gmem0_m_axi_fifo__parameterized5 |         35 |         35 |       0 |    0 |   28 |      0 |      0 |          0 |
|         U_fifo_mem                                           |             jpegls_encode_hls_gmem0_m_axi_mem__parameterized0 |         52 |         52 |       0 |    0 |    8 |      0 |      1 |          0 |
|       bus_wide_gen.rreq_offset                               |            jpegls_encode_hls_gmem0_m_axi_fifo__parameterized4 |         41 |         37 |       0 |    4 |   16 |      0 |      0 |          0 |
|         (bus_wide_gen.rreq_offset)                           |            jpegls_encode_hls_gmem0_m_axi_fifo__parameterized4 |          6 |          6 |       0 |    0 |   12 |      0 |      0 |          0 |
|         U_fifo_srl                                           |             jpegls_encode_hls_gmem0_m_axi_srl__parameterized3 |         35 |         31 |       0 |    4 |    4 |      0 |      0 |          0 |
|       fifo_rreq                                              |            jpegls_encode_hls_gmem0_m_axi_fifo__parameterized0 |        149 |         53 |       0 |   96 |  106 |      0 |      0 |          0 |
|         (fifo_rreq)                                          |            jpegls_encode_hls_gmem0_m_axi_fifo__parameterized0 |         11 |         11 |       0 |    0 |   10 |      0 |      0 |          0 |
|         U_fifo_srl                                           |             jpegls_encode_hls_gmem0_m_axi_srl__parameterized0 |        138 |         42 |       0 |   96 |   96 |      0 |      0 |          0 |
|   gmem1_m_axi_U                                              |                                 jpegls_encode_hls_gmem1_m_axi |        901 |        693 |       0 |  208 | 1143 |      0 |      1 |          0 |
|     bus_read                                                 |                            jpegls_encode_hls_gmem1_m_axi_read |          4 |          4 |       0 |    0 |    5 |      0 |      0 |          0 |
|       rs_rdata                                               |       jpegls_encode_hls_gmem1_m_axi_reg_slice__parameterized2 |          4 |          4 |       0 |    0 |    5 |      0 |      0 |          0 |
|     bus_write                                                |                           jpegls_encode_hls_gmem1_m_axi_write |        573 |        465 |       0 |  108 |  820 |      0 |      0 |          0 |
|       (bus_write)                                            |                           jpegls_encode_hls_gmem1_m_axi_write |          6 |          6 |       0 |    0 |   46 |      0 |      0 |          0 |
|       fifo_burst                                             |            jpegls_encode_hls_gmem1_m_axi_fifo__parameterized6 |         24 |         20 |       0 |    4 |   16 |      0 |      0 |          0 |
|         (fifo_burst)                                         |            jpegls_encode_hls_gmem1_m_axi_fifo__parameterized6 |         11 |         11 |       0 |    0 |   12 |      0 |      0 |          0 |
|         U_fifo_srl                                           |             jpegls_encode_hls_gmem1_m_axi_srl__parameterized4 |         13 |          9 |       0 |    4 |    4 |      0 |      0 |          0 |
|       fifo_resp                                              |         jpegls_encode_hls_gmem1_m_axi_fifo__parameterized2_11 |         17 |         16 |       0 |    1 |   13 |      0 |      0 |          0 |
|         (fifo_resp)                                          |         jpegls_encode_hls_gmem1_m_axi_fifo__parameterized2_11 |         14 |         14 |       0 |    0 |   12 |      0 |      0 |          0 |
|         U_fifo_srl                                           |          jpegls_encode_hls_gmem1_m_axi_srl__parameterized1_12 |          3 |          2 |       0 |    1 |    1 |      0 |      0 |          0 |
|       rs_resp                                                |       jpegls_encode_hls_gmem1_m_axi_reg_slice__parameterized1 |          4 |          4 |       0 |    0 |    5 |      0 |      0 |          0 |
|       wreq_burst_conv                                        |                 jpegls_encode_hls_gmem1_m_axi_burst_converter |        302 |        302 |       0 |    0 |  470 |      0 |      0 |          0 |
|         (wreq_burst_conv)                                    |                 jpegls_encode_hls_gmem1_m_axi_burst_converter |        180 |        180 |       0 |    0 |  335 |      0 |      0 |          0 |
|         rs_req                                               |                       jpegls_encode_hls_gmem1_m_axi_reg_slice |        122 |        122 |       0 |    0 |  135 |      0 |      0 |          0 |
|       wreq_throttle                                          |                        jpegls_encode_hls_gmem1_m_axi_throttle |        220 |        117 |       0 |  103 |  270 |      0 |      0 |          0 |
|         (wreq_throttle)                                      |                        jpegls_encode_hls_gmem1_m_axi_throttle |          1 |          1 |       0 |    0 |    6 |      0 |      0 |          0 |
|         data_fifo                                            |            jpegls_encode_hls_gmem1_m_axi_fifo__parameterized8 |         64 |         27 |       0 |   37 |   49 |      0 |      0 |          0 |
|           (data_fifo)                                        |            jpegls_encode_hls_gmem1_m_axi_fifo__parameterized8 |         16 |         16 |       0 |    0 |   12 |      0 |      0 |          0 |
|           U_fifo_srl                                         |             jpegls_encode_hls_gmem1_m_axi_srl__parameterized6 |         48 |         11 |       0 |   37 |   37 |      0 |      0 |          0 |
|         req_fifo                                             |            jpegls_encode_hls_gmem1_m_axi_fifo__parameterized7 |         82 |         16 |       0 |   66 |   78 |      0 |      0 |          0 |
|           (req_fifo)                                         |            jpegls_encode_hls_gmem1_m_axi_fifo__parameterized7 |         14 |         14 |       0 |    0 |   12 |      0 |      0 |          0 |
|           U_fifo_srl                                         |             jpegls_encode_hls_gmem1_m_axi_srl__parameterized5 |         68 |          2 |       0 |   66 |   66 |      0 |      0 |          0 |
|         rs_req                                               |       jpegls_encode_hls_gmem1_m_axi_reg_slice__parameterized0 |         73 |         73 |       0 |    0 |  137 |      0 |      0 |          0 |
|     load_unit                                                |                            jpegls_encode_hls_gmem1_m_axi_load |         20 |         20 |       0 |    0 |   15 |      0 |      0 |          0 |
|       (load_unit)                                            |                            jpegls_encode_hls_gmem1_m_axi_load |          1 |          1 |       0 |    0 |    3 |      0 |      0 |          0 |
|       buff_rdata                                             |            jpegls_encode_hls_gmem1_m_axi_fifo__parameterized5 |         19 |         19 |       0 |    0 |   12 |      0 |      0 |          0 |
|     store_unit                                               |                           jpegls_encode_hls_gmem1_m_axi_store |        304 |        204 |       0 |  100 |  303 |      0 |      1 |          0 |
|       (store_unit)                                           |                           jpegls_encode_hls_gmem1_m_axi_store |          4 |          4 |       0 |    0 |  137 |      0 |      0 |          0 |
|       buff_wdata                                             |            jpegls_encode_hls_gmem1_m_axi_fifo__parameterized1 |         33 |         33 |       0 |    0 |   28 |      0 |      1 |          0 |
|         (buff_wdata)                                         |            jpegls_encode_hls_gmem1_m_axi_fifo__parameterized1 |         23 |         23 |       0 |    0 |   22 |      0 |      0 |          0 |
|         U_fifo_mem                                           |                             jpegls_encode_hls_gmem1_m_axi_mem |         10 |         10 |       0 |    0 |    6 |      0 |      1 |          0 |
|       bus_wide_gen.wreq_offset                               |                            jpegls_encode_hls_gmem1_m_axi_fifo |         99 |         65 |       0 |   34 |   46 |      0 |      0 |          0 |
|         (bus_wide_gen.wreq_offset)                           |                            jpegls_encode_hls_gmem1_m_axi_fifo |          9 |          9 |       0 |    0 |   12 |      0 |      0 |          0 |
|         U_fifo_srl                                           |                             jpegls_encode_hls_gmem1_m_axi_srl |         90 |         56 |       0 |   34 |   34 |      0 |      0 |          0 |
|       fifo_wreq                                              |            jpegls_encode_hls_gmem1_m_axi_fifo__parameterized0 |        144 |         79 |       0 |   65 |   73 |      0 |      0 |          0 |
|         (fifo_wreq)                                          |            jpegls_encode_hls_gmem1_m_axi_fifo__parameterized0 |         11 |         11 |       0 |    0 |    8 |      0 |      0 |          0 |
|         U_fifo_srl                                           |             jpegls_encode_hls_gmem1_m_axi_srl__parameterized0 |        133 |         68 |       0 |   65 |   65 |      0 |      0 |          0 |
|       fifo_wrsp                                              |            jpegls_encode_hls_gmem1_m_axi_fifo__parameterized2 |         18 |         17 |       0 |    1 |   13 |      0 |      0 |          0 |
|         (fifo_wrsp)                                          |            jpegls_encode_hls_gmem1_m_axi_fifo__parameterized2 |          4 |          4 |       0 |    0 |   12 |      0 |      0 |          0 |
|         U_fifo_srl                                           |             jpegls_encode_hls_gmem1_m_axi_srl__parameterized1 |         14 |         13 |       0 |    1 |    1 |      0 |      0 |          0 |
|       user_resp                                              |            jpegls_encode_hls_gmem1_m_axi_fifo__parameterized3 |          6 |          6 |       0 |    0 |    6 |      0 |      0 |          0 |
|   gmem2_m_axi_U                                              |                                 jpegls_encode_hls_gmem2_m_axi |        903 |        731 |       0 |  172 |  966 |      0 |      1 |          0 |
|     bus_read                                                 |                            jpegls_encode_hls_gmem2_m_axi_read |          4 |          4 |       0 |    0 |    5 |      0 |      0 |          0 |
|       rs_rdata                                               |       jpegls_encode_hls_gmem2_m_axi_reg_slice__parameterized2 |          4 |          4 |       0 |    0 |    5 |      0 |      0 |          0 |
|     bus_write                                                |                           jpegls_encode_hls_gmem2_m_axi_write |        564 |        456 |       0 |  108 |  774 |      0 |      0 |          0 |
|       (bus_write)                                            |                           jpegls_encode_hls_gmem2_m_axi_write |          6 |          6 |       0 |    0 |   10 |      0 |      0 |          0 |
|       fifo_burst                                             |            jpegls_encode_hls_gmem2_m_axi_fifo__parameterized4 |         25 |         21 |       0 |    4 |   16 |      0 |      0 |          0 |
|         (fifo_burst)                                         |            jpegls_encode_hls_gmem2_m_axi_fifo__parameterized4 |         11 |         11 |       0 |    0 |   12 |      0 |      0 |          0 |
|         U_fifo_srl                                           |             jpegls_encode_hls_gmem2_m_axi_srl__parameterized2 |         14 |         10 |       0 |    4 |    4 |      0 |      0 |          0 |
|       fifo_resp                                              |          jpegls_encode_hls_gmem2_m_axi_fifo__parameterized1_9 |         17 |         16 |       0 |    1 |   13 |      0 |      0 |          0 |
|         (fifo_resp)                                          |          jpegls_encode_hls_gmem2_m_axi_fifo__parameterized1_9 |         13 |         13 |       0 |    0 |   12 |      0 |      0 |          0 |
|         U_fifo_srl                                           |          jpegls_encode_hls_gmem2_m_axi_srl__parameterized0_10 |          4 |          3 |       0 |    1 |    1 |      0 |      0 |          0 |
|       rs_resp                                                |       jpegls_encode_hls_gmem2_m_axi_reg_slice__parameterized1 |          4 |          4 |       0 |    0 |    5 |      0 |      0 |          0 |
|       wreq_burst_conv                                        |                 jpegls_encode_hls_gmem2_m_axi_burst_converter |        290 |        290 |       0 |    0 |  460 |      0 |      0 |          0 |
|         (wreq_burst_conv)                                    |                 jpegls_encode_hls_gmem2_m_axi_burst_converter |        177 |        177 |       0 |    0 |  327 |      0 |      0 |          0 |
|         rs_req                                               |                       jpegls_encode_hls_gmem2_m_axi_reg_slice |        113 |        113 |       0 |    0 |  133 |      0 |      0 |          0 |
|       wreq_throttle                                          |                        jpegls_encode_hls_gmem2_m_axi_throttle |        222 |        119 |       0 |  103 |  270 |      0 |      0 |          0 |
|         (wreq_throttle)                                      |                        jpegls_encode_hls_gmem2_m_axi_throttle |          1 |          1 |       0 |    0 |    6 |      0 |      0 |          0 |
|         data_fifo                                            |            jpegls_encode_hls_gmem2_m_axi_fifo__parameterized6 |         65 |         28 |       0 |   37 |   49 |      0 |      0 |          0 |
|           (data_fifo)                                        |            jpegls_encode_hls_gmem2_m_axi_fifo__parameterized6 |         17 |         17 |       0 |    0 |   12 |      0 |      0 |          0 |
|           U_fifo_srl                                         |             jpegls_encode_hls_gmem2_m_axi_srl__parameterized4 |         48 |         11 |       0 |   37 |   37 |      0 |      0 |          0 |
|         req_fifo                                             |            jpegls_encode_hls_gmem2_m_axi_fifo__parameterized5 |         83 |         17 |       0 |   66 |   78 |      0 |      0 |          0 |
|           (req_fifo)                                         |            jpegls_encode_hls_gmem2_m_axi_fifo__parameterized5 |         15 |         15 |       0 |    0 |   12 |      0 |      0 |          0 |
|           U_fifo_srl                                         |             jpegls_encode_hls_gmem2_m_axi_srl__parameterized3 |         68 |          2 |       0 |   66 |   66 |      0 |      0 |          0 |
|         rs_req                                               |       jpegls_encode_hls_gmem2_m_axi_reg_slice__parameterized0 |         73 |         73 |       0 |    0 |  137 |      0 |      0 |          0 |
|     load_unit                                                |                            jpegls_encode_hls_gmem2_m_axi_load |         17 |         17 |       0 |    0 |   12 |      0 |      0 |          0 |
|       buff_rdata                                             |            jpegls_encode_hls_gmem2_m_axi_fifo__parameterized3 |         17 |         17 |       0 |    0 |   12 |      0 |      0 |          0 |
|     store_unit                                               |                           jpegls_encode_hls_gmem2_m_axi_store |        318 |        254 |       0 |   64 |  175 |      0 |      1 |          0 |
|       (store_unit)                                           |                           jpegls_encode_hls_gmem2_m_axi_store |          1 |          1 |       0 |    0 |   65 |      0 |      0 |          0 |
|       buff_wdata                                             |            jpegls_encode_hls_gmem2_m_axi_fifo__parameterized0 |         47 |         47 |       0 |    0 |   20 |      0 |      1 |          0 |
|         (buff_wdata)                                         |            jpegls_encode_hls_gmem2_m_axi_fifo__parameterized0 |         12 |         12 |       0 |    0 |   16 |      0 |      0 |          0 |
|         U_fifo_mem                                           |                             jpegls_encode_hls_gmem2_m_axi_mem |         35 |         35 |       0 |    0 |    4 |      0 |      1 |          0 |
|       fifo_wreq                                              |                            jpegls_encode_hls_gmem2_m_axi_fifo |        138 |         75 |       0 |   63 |   71 |      0 |      0 |          0 |
|         (fifo_wreq)                                          |                            jpegls_encode_hls_gmem2_m_axi_fifo |         70 |         70 |       0 |    0 |    8 |      0 |      0 |          0 |
|         U_fifo_srl                                           |                             jpegls_encode_hls_gmem2_m_axi_srl |         68 |          5 |       0 |   63 |   63 |      0 |      0 |          0 |
|       fifo_wrsp                                              |            jpegls_encode_hls_gmem2_m_axi_fifo__parameterized1 |         19 |         18 |       0 |    1 |   13 |      0 |      0 |          0 |
|         (fifo_wrsp)                                          |            jpegls_encode_hls_gmem2_m_axi_fifo__parameterized1 |          5 |          5 |       0 |    0 |   12 |      0 |      0 |          0 |
|         U_fifo_srl                                           |             jpegls_encode_hls_gmem2_m_axi_srl__parameterized0 |         14 |         13 |       0 |    1 |    1 |      0 |      0 |          0 |
|       user_resp                                              |            jpegls_encode_hls_gmem2_m_axi_fifo__parameterized2 |        113 |        113 |       0 |    0 |    6 |      0 |      0 |          0 |
|   grp_jpegls_encode_hls_Pipeline_VITIS_LOOP_220_1_fu_579     | jpegls_encode_hls_jpegls_encode_hls_Pipeline_VITIS_LOOP_220_1 |         28 |         28 |       0 |    0 |   14 |      0 |      0 |          0 |
|     (grp_jpegls_encode_hls_Pipeline_VITIS_LOOP_220_1_fu_579) | jpegls_encode_hls_jpegls_encode_hls_Pipeline_VITIS_LOOP_220_1 |          0 |          0 |       0 |    0 |   12 |      0 |      0 |          0 |
|     flow_control_loop_pipe_sequential_init_U                 |    jpegls_encode_hls_flow_control_loop_pipe_sequential_init_8 |         28 |         28 |       0 |    0 |    2 |      0 |      0 |          0 |
|   grp_jpegls_encode_hls_Pipeline_VITIS_LOOP_227_2_fu_585     | jpegls_encode_hls_jpegls_encode_hls_Pipeline_VITIS_LOOP_227_2 |         57 |         57 |       0 |    0 |   12 |      0 |      0 |          0 |
|     (grp_jpegls_encode_hls_Pipeline_VITIS_LOOP_227_2_fu_585) | jpegls_encode_hls_jpegls_encode_hls_Pipeline_VITIS_LOOP_227_2 |          0 |          0 |       0 |    0 |   10 |      0 |      0 |          0 |
|     flow_control_loop_pipe_sequential_init_U                 |    jpegls_encode_hls_flow_control_loop_pipe_sequential_init_7 |         57 |         57 |       0 |    0 |    2 |      0 |      0 |          0 |
|   grp_jpegls_encode_hls_Pipeline_VITIS_LOOP_277_5_fu_593     | jpegls_encode_hls_jpegls_encode_hls_Pipeline_VITIS_LOOP_277_5 |         70 |         70 |       0 |    0 |   26 |      0 |      0 |          0 |
|     (grp_jpegls_encode_hls_Pipeline_VITIS_LOOP_277_5_fu_593) | jpegls_encode_hls_jpegls_encode_hls_Pipeline_VITIS_LOOP_277_5 |         23 |         23 |       0 |    0 |   24 |      0 |      0 |          0 |
|     flow_control_loop_pipe_sequential_init_U                 |    jpegls_encode_hls_flow_control_loop_pipe_sequential_init_6 |         47 |         47 |       0 |    0 |    2 |      0 |      0 |          0 |
|   grp_jpegls_encode_hls_Pipeline_VITIS_LOOP_55_1_fu_600      |  jpegls_encode_hls_jpegls_encode_hls_Pipeline_VITIS_LOOP_55_1 |        172 |        172 |       0 |    0 |   67 |      0 |      0 |          0 |
|     (grp_jpegls_encode_hls_Pipeline_VITIS_LOOP_55_1_fu_600)  |  jpegls_encode_hls_jpegls_encode_hls_Pipeline_VITIS_LOOP_55_1 |         49 |         49 |       0 |    0 |   65 |      0 |      0 |          0 |
|     flow_control_loop_pipe_sequential_init_U                 |    jpegls_encode_hls_flow_control_loop_pipe_sequential_init_5 |        123 |        123 |       0 |    0 |    2 |      0 |      0 |          0 |
|   grp_write_bits_hls_fu_621                                  |                              jpegls_encode_hls_write_bits_hls |        317 |        281 |       0 |   36 |  292 |      0 |      0 |          0 |
|     (grp_write_bits_hls_fu_621)                              |                              jpegls_encode_hls_write_bits_hls |        198 |        162 |       0 |   36 |  290 |      0 |      0 |          0 |
|     flow_control_loop_pipe_sequential_init_U                 |    jpegls_encode_hls_flow_control_loop_pipe_sequential_init_4 |        119 |        119 |       0 |    0 |    2 |      0 |      0 |          0 |
|   grp_write_unary_hls_fu_607                                 |                             jpegls_encode_hls_write_unary_hls |        774 |        738 |       0 |   36 |  696 |      0 |      0 |          0 |
|     (grp_write_unary_hls_fu_607)                             |                             jpegls_encode_hls_write_unary_hls |        240 |        240 |       0 |    0 |  389 |      0 |      0 |          0 |
|     grp_write_unary_hls_Pipeline_VITIS_LOOP_160_1_fu_224     |   jpegls_encode_hls_write_unary_hls_Pipeline_VITIS_LOOP_160_1 |        535 |        499 |       0 |   36 |  307 |      0 |      0 |          0 |
|       (grp_write_unary_hls_Pipeline_VITIS_LOOP_160_1_fu_224) |   jpegls_encode_hls_write_unary_hls_Pipeline_VITIS_LOOP_160_1 |        435 |        399 |       0 |   36 |  305 |      0 |      0 |          0 |
|       flow_control_loop_pipe_sequential_init_U               |      jpegls_encode_hls_flow_control_loop_pipe_sequential_init |        100 |        100 |       0 |    0 |    2 |      0 |      0 |          0 |
|   line_cur_U                                                 |                  jpegls_encode_hls_line_prev_RAM_1P_BRAM_1R1W |         23 |         23 |       0 |    0 |    0 |      0 |      1 |          0 |
|   line_prev_U                                                |                jpegls_encode_hls_line_prev_RAM_1P_BRAM_1R1W_3 |         22 |         22 |       0 |    0 |    0 |      0 |      1 |          0 |
|   mul_32s_32s_32_2_1_U46                                     |                          jpegls_encode_hls_mul_32s_32s_32_2_1 |         15 |         15 |       0 |    0 |   17 |      0 |      0 |          3 |
+--------------------------------------------------------------+---------------------------------------------------------------+------------+------------+---------+------+------+--------+--------+------------+


